Time resolution is 1 ps
Stopped at time : 0 fs : File "/home/xe-lpt-64/Optimized_Bf16/Optimized_Bf16.srcs/sources_1/new/bf16_fma.sv" Line 478
Stopped at time : 50 ns : File "/home/xe-lpt-64/Optimized_Bf16/Optimized_Bf16.srcs/sim_1/new/bf16_optimized_tb.sv" Line 95
Stopped at time : 180 ns : File "/home/xe-lpt-64/Optimized_Bf16/Optimized_Bf16.srcs/sim_1/new/bf16_optimized_tb.sv" Line 173
Stopped at time : 180 ns : File "/home/xe-lpt-64/Optimized_Bf16/Optimized_Bf16.srcs/sim_1/new/bf16_optimized_tb.sv" Line 174
Stopped at time : 180 ns : File "/home/xe-lpt-64/Optimized_Bf16/Optimized_Bf16.srcs/sim_1/new/bf16_optimized_tb.sv" Line 54
Stopped at time : 180 ns : File "/home/xe-lpt-64/Optimized_Bf16/Optimized_Bf16.srcs/sim_1/new/bf16_optimized_tb.sv" Line 54
Stopped at time : 180 ns : File "/home/xe-lpt-64/Optimized_Bf16/Optimized_Bf16.srcs/sources_1/new/bf16_fma.sv" Line 128
Stopped at time : 180 ns : File "/home/xe-lpt-64/Optimized_Bf16/Optimized_Bf16.srcs/sources_1/new/bf16_fma.sv" Line 138
Stopped at time : 180 ns : File "/home/xe-lpt-64/Optimized_Bf16/Optimized_Bf16.srcs/sources_1/new/bf16_fma.sv" Line 145
Stopped at time : 180 ns : File "/home/xe-lpt-64/Optimized_Bf16/Optimized_Bf16.srcs/sources_1/new/bf16_fma.sv" Line 146
Stopped at time : 180 ns : File "/home/xe-lpt-64/Optimized_Bf16/Optimized_Bf16.srcs/sources_1/new/bf16_fma.sv" Line 147
Stopped at time : 180 ns : File "/home/xe-lpt-64/Optimized_Bf16/Optimized_Bf16.srcs/sources_1/new/bf16_fma.sv" Line 148
Stopped at time : 180 ns : File "/home/xe-lpt-64/Optimized_Bf16/Optimized_Bf16.srcs/sources_1/new/bf16_fma.sv" Line 149
Stopped at time : 180 ns : File "/home/xe-lpt-64/Optimized_Bf16/Optimized_Bf16.srcs/sources_1/new/bf16_fma.sv" Line 136
Stopped at time : 180 ns : File "/home/xe-lpt-64/Optimized_Bf16/Optimized_Bf16.srcs/sources_1/new/bf16_fma.sv" Line 296
Stopped at time : 180 ns : File "/home/xe-lpt-64/Optimized_Bf16/Optimized_Bf16.srcs/sources_1/new/bf16_fma.sv" Line 297
Stopped at time : 180 ns : File "/home/xe-lpt-64/Optimized_Bf16/Optimized_Bf16.srcs/sources_1/new/bf16_fma.sv" Line 298
Stopped at time : 180 ns : File "/home/xe-lpt-64/Optimized_Bf16/Optimized_Bf16.srcs/sources_1/new/bf16_fma.sv" Line 299
Stopped at time : 180 ns : File "/home/xe-lpt-64/Optimized_Bf16/Optimized_Bf16.srcs/sources_1/new/bf16_fma.sv" Line 300
Stopped at time : 180 ns : File "/home/xe-lpt-64/Optimized_Bf16/Optimized_Bf16.srcs/sources_1/new/bf16_fma.sv" Line 301
Stopped at time : 180 ns : File "/home/xe-lpt-64/Optimized_Bf16/Optimized_Bf16.srcs/sources_1/new/bf16_fma.sv" Line 302
Stopped at time : 180 ns : File "/home/xe-lpt-64/Optimized_Bf16/Optimized_Bf16.srcs/sources_1/new/bf16_fma.sv" Line 303
Stopped at time : 180 ns : File "/home/xe-lpt-64/Optimized_Bf16/Optimized_Bf16.srcs/sources_1/new/bf16_fma.sv" Line 304
Stopped at time : 180 ns : File "/home/xe-lpt-64/Optimized_Bf16/Optimized_Bf16.srcs/sources_1/new/bf16_fma.sv" Line 294
Stopped at time : 180 ns : File "/home/xe-lpt-64/Optimized_Bf16/Optimized_Bf16.srcs/sources_1/new/bf16_fma.sv" Line 364
Stopped at time : 180 ns : File "/home/xe-lpt-64/Optimized_Bf16/Optimized_Bf16.srcs/sources_1/new/bf16_fma.sv" Line 365
Stopped at time : 180 ns : File "/home/xe-lpt-64/Optimized_Bf16/Optimized_Bf16.srcs/sources_1/new/bf16_fma.sv" Line 367
Stopped at time : 180 ns : File "/home/xe-lpt-64/Optimized_Bf16/Optimized_Bf16.srcs/sources_1/new/bf16_fma.sv" Line 368
Stopped at time : 180 ns : File "/home/xe-lpt-64/Optimized_Bf16/Optimized_Bf16.srcs/sources_1/new/bf16_fma.sv" Line 369
Stopped at time : 180 ns : File "/home/xe-lpt-64/Optimized_Bf16/Optimized_Bf16.srcs/sources_1/new/bf16_fma.sv" Line 370
Stopped at time : 180 ns : File "/home/xe-lpt-64/Optimized_Bf16/Optimized_Bf16.srcs/sources_1/new/bf16_fma.sv" Line 371
Stopped at time : 180 ns : File "/home/xe-lpt-64/Optimized_Bf16/Optimized_Bf16.srcs/sources_1/new/bf16_fma.sv" Line 372
Stopped at time : 180 ns : File "/home/xe-lpt-64/Optimized_Bf16/Optimized_Bf16.srcs/sources_1/new/bf16_fma.sv" Line 362
Stopped at time : 180 ns : File "/home/xe-lpt-64/Optimized_Bf16/Optimized_Bf16.srcs/sources_1/new/bf16_fma.sv" Line 487
Stopped at time : 180 ns : File "/home/xe-lpt-64/Optimized_Bf16/Optimized_Bf16.srcs/sources_1/new/bf16_fma.sv" Line 493
Stopped at time : 180 ns : File "/home/xe-lpt-64/Optimized_Bf16/Optimized_Bf16.srcs/sources_1/new/bf16_fma.sv" Line 494
Stopped at time : 180 ns : File "/home/xe-lpt-64/Optimized_Bf16/Optimized_Bf16.srcs/sources_1/new/bf16_fma.sv" Line 486
Stopped at time : 180 ns : File "/home/xe-lpt-64/Optimized_Bf16/Optimized_Bf16.srcs/sources_1/new/lzc.sv" Line 42
Stopped at time : 180 ns : File "/home/xe-lpt-64/Optimized_Bf16/Optimized_Bf16.srcs/sources_1/new/bf16_fma.sv" Line 172
Stopped at time : 180 ns : File "/home/xe-lpt-64/Optimized_Bf16/Optimized_Bf16.srcs/sources_1/new/bf16_fma.sv" Line 173
Stopped at time : 180 ns : File "/home/xe-lpt-64/Optimized_Bf16/Optimized_Bf16.srcs/sources_1/new/bf16_fma.sv" Line 174
Stopped at time : 180 ns : File "/home/xe-lpt-64/Optimized_Bf16/Optimized_Bf16.srcs/sources_1/new/bf16_fma.sv" Line 175
Stopped at time : 180 ns : File "/home/xe-lpt-64/Optimized_Bf16/Optimized_Bf16.srcs/sources_1/new/bf16_fma.sv" Line 177
Stopped at time : 180 ns : File "/home/xe-lpt-64/Optimized_Bf16/Optimized_Bf16.srcs/sources_1/new/bf16_fma.sv" Line 179
Stopped at time : 180 ns : File "/home/xe-lpt-64/Optimized_Bf16/Optimized_Bf16.srcs/sources_1/new/bf16_fma.sv" Line 207
Stopped at time : 180 ns : File "/home/xe-lpt-64/Optimized_Bf16/Optimized_Bf16.srcs/sources_1/new/bf16_fma.sv" Line 208
Stopped at time : 180 ns : File "/home/xe-lpt-64/Optimized_Bf16/Optimized_Bf16.srcs/sources_1/new/bf16_fma.sv" Line 209
Stopped at time : 180 ns : File "/home/xe-lpt-64/Optimized_Bf16/Optimized_Bf16.srcs/sources_1/new/bf16_fma.sv" Line 211
Stopped at time : 180 ns : File "/home/xe-lpt-64/Optimized_Bf16/Optimized_Bf16.srcs/sources_1/new/bf16_fma.sv" Line 212
Stopped at time : 180 ns : File "/home/xe-lpt-64/Optimized_Bf16/Optimized_Bf16.srcs/sources_1/new/bf16_fma.sv" Line 213
Stopped at time : 180 ns : File "/home/xe-lpt-64/Optimized_Bf16/Optimized_Bf16.srcs/sources_1/new/bf16_fma.sv" Line 215
Stopped at time : 180 ns : File "/home/xe-lpt-64/Optimized_Bf16/Optimized_Bf16.srcs/sources_1/new/bf16_fma.sv" Line 216
Stopped at time : 180 ns : File "/home/xe-lpt-64/Optimized_Bf16/Optimized_Bf16.srcs/sources_1/new/bf16_fma.sv" Line 217
Stopped at time : 180 ns : File "/home/xe-lpt-64/Optimized_Bf16/Optimized_Bf16.srcs/sources_1/new/bf16_fma.sv" Line 219
Stopped at time : 180 ns : File "/home/xe-lpt-64/Optimized_Bf16/Optimized_Bf16.srcs/sources_1/new/bf16_fma.sv" Line 220
Stopped at time : 180 ns : File "/home/xe-lpt-64/Optimized_Bf16/Optimized_Bf16.srcs/sources_1/new/bf16_fma.sv" Line 221
Stopped at time : 180 ns : File "/home/xe-lpt-64/Optimized_Bf16/Optimized_Bf16.srcs/sources_1/new/bf16_fma.sv" Line 223
Stopped at time : 180 ns : File "/home/xe-lpt-64/Optimized_Bf16/Optimized_Bf16.srcs/sources_1/new/bf16_fma.sv" Line 224
Stopped at time : 180 ns : File "/home/xe-lpt-64/Optimized_Bf16/Optimized_Bf16.srcs/sources_1/new/bf16_fma.sv" Line 225
Stopped at time : 180 ns : File "/home/xe-lpt-64/Optimized_Bf16/Optimized_Bf16.srcs/sources_1/new/bf16_fma.sv" Line 170
Stopped at time : 180 ns : File "/home/xe-lpt-64/Optimized_Bf16/Optimized_Bf16.srcs/sources_1/new/bf16_fma.sv" Line 313
Stopped at time : 180 ns : File "/home/xe-lpt-64/Optimized_Bf16/Optimized_Bf16.srcs/sources_1/new/bf16_fma.sv" Line 319
Stopped at time : 180 ns : File "/home/xe-lpt-64/Optimized_Bf16/Optimized_Bf16.srcs/sources_1/new/bf16_fma.sv" Line 320
Stopped at time : 180 ns : File "/home/xe-lpt-64/Optimized_Bf16/Optimized_Bf16.srcs/sources_1/new/bf16_fma.sv" Line 321
Stopped at time : 180 ns : File "/home/xe-lpt-64/Optimized_Bf16/Optimized_Bf16.srcs/sources_1/new/bf16_fma.sv" Line 323
Stopped at time : 180 ns : File "/home/xe-lpt-64/Optimized_Bf16/Optimized_Bf16.srcs/sources_1/new/bf16_fma.sv" Line 324
Stopped at time : 180 ns : File "/home/xe-lpt-64/Optimized_Bf16/Optimized_Bf16.srcs/sources_1/new/bf16_fma.sv" Line 325
Stopped at time : 180 ns : File "/home/xe-lpt-64/Optimized_Bf16/Optimized_Bf16.srcs/sources_1/new/bf16_fma.sv" Line 332
