Copyright 1986-2021 Xilinx, Inc. All Rights Reserved.
---------------------------------------------------------------------------------------------------------------------------------------------------
| Tool Version : Vivado v.2021.2 (lin64) Build 3367213 Tue Oct 19 02:47:39 MDT 2021
| Date         : Mon May 13 18:12:36 2024
| Host         : Ruhma-Rizwan running 64-bit Ubuntu 20.04.6 LTS
| Command      : report_drc -file bf16_accelerator_top_drc_opted.rpt -pb bf16_accelerator_top_drc_opted.pb -rpx bf16_accelerator_top_drc_opted.rpx
| Design       : bf16_accelerator_top
| Device       : xc7a100tcsg324-1
| Speed File   : -1
| Design State : Synthesized
---------------------------------------------------------------------------------------------------------------------------------------------------

Report DRC

Table of Contents
-----------------
1. REPORT SUMMARY
2. REPORT DETAILS

1. REPORT SUMMARY
-----------------
            Netlist: netlist
          Floorplan: design_1
      Design limits: <entire design considered>
           Ruledeck: default
             Max violations: <unlimited>
             Violations found: 6
+-------------+------------------+-------------------------------------------------------------+------------+
| Rule        | Severity         | Description                                                 | Violations |
+-------------+------------------+-------------------------------------------------------------+------------+
| NSTD-1      | Critical Warning | Unspecified I/O Standard                                    | 1          |
| UCIO-1      | Critical Warning | Unconstrained Logical Port                                  | 1          |
| CFGBVS-1    | Warning          | Missing CFGBVS and CONFIG_VOLTAGE Design Properties         | 1          |
| PLHOLDVIO-2 | Warning          | Non-Optimal connections which could lead to hold violations | 3          |
+-------------+------------------+-------------------------------------------------------------+------------+

2. REPORT DETAILS
-----------------
NSTD-1#1 Critical Warning
Unspecified I/O Standard  
108 out of 108 logical ports use I/O standard (IOSTANDARD) value 'DEFAULT', instead of a user assigned specific value. This may cause I/O contention or incompatibility with the board power or connectivity affecting performance, signal integrity or in extreme cases cause damage to the device or the components to which it is connected. To correct this violation, specify all I/O standards. This design will fail to generate a bitstream unless all logical ports have a user specified I/O standard value defined. To allow bitstream creation with unspecified I/O standard values (not recommended), use this command: set_property SEVERITY {Warning} [get_drc_checks NSTD-1].  NOTE: When using the Vivado Runs infrastructure (e.g. launch_runs Tcl command), add this command to a .tcl file and add that file as a pre-hook for write_bitstream step for the implementation run. Problem ports: fpcsr[3:0], operand_a[31:0], operand_b[15:0], operand_c[10], operand_c[11],
operand_c[12], operand_c[13], operand_c[14], operand_c[15], operand_c[4],
operand_c[5], operand_c[6], operand_c[7], operand_c[8], operand_c[9]
 (the first 15 of 25 listed).
Related violations: <none>

UCIO-1#1 Critical Warning
Unconstrained Logical Port  
108 out of 108 logical ports have no user assigned specific location constraint (LOC). This may cause I/O contention or incompatibility with the board power or connectivity affecting performance, signal integrity or in extreme cases cause damage to the device or the components to which it is connected. To correct this violation, specify all pin locations. This design will fail to generate a bitstream unless all logical ports have a user specified site LOC constraint defined.  To allow bitstream creation with unspecified pin locations (not recommended), use this command: set_property SEVERITY {Warning} [get_drc_checks UCIO-1].  NOTE: When using the Vivado Runs infrastructure (e.g. launch_runs Tcl command), add this command to a .tcl file and add that file as a pre-hook for write_bitstream step for the implementation run.  Problem ports: fpcsr[3:0], operand_a[31:0], operand_b[15:0], operand_c[10], operand_c[11],
operand_c[12], operand_c[13], operand_c[14], operand_c[15], operand_c[4],
operand_c[5], operand_c[6], operand_c[7], operand_c[8], operand_c[9]
 (the first 15 of 25 listed).
Related violations: <none>

CFGBVS-1#1 Warning
Missing CFGBVS and CONFIG_VOLTAGE Design Properties  
Neither the CFGBVS nor CONFIG_VOLTAGE voltage property is set in the current_design.  Configuration bank voltage select (CFGBVS) must be set to VCCO or GND, and CONFIG_VOLTAGE must be set to the correct configuration voltage, in order to determine the I/O voltage support for the pins in bank 0.  It is suggested to specify these either using the 'Edit Device Properties' function in the GUI or directly in the XDC file using the following syntax:

 set_property CFGBVS value1 [current_design]
 #where value1 is either VCCO or GND

 set_property CONFIG_VOLTAGE value2 [current_design]
 #where value2 is the voltage provided to configuration bank 0

Refer to the device configuration user guide for more information.
Related violations: <none>

PLHOLDVIO-2#1 Warning
Non-Optimal connections which could lead to hold violations  
A LUT bf16_fp32_conversion_inst/bf16_to_fp32_inst/fpcsr[3]_i_2 is driving clock pin of 17 cells. This could lead to large hold time violations. Involved cells are:
bf16_fp32_conversion_inst/bf16_to_fp32_inst/fpcsr_reg[3],
bf16_fp32_conversion_inst/bf16_to_fp32_inst/result_reg[16],
bf16_fp32_conversion_inst/bf16_to_fp32_inst/result_reg[17],
bf16_fp32_conversion_inst/bf16_to_fp32_inst/result_reg[18],
bf16_fp32_conversion_inst/bf16_to_fp32_inst/result_reg[19],
bf16_fp32_conversion_inst/bf16_to_fp32_inst/result_reg[20],
bf16_fp32_conversion_inst/bf16_to_fp32_inst/result_reg[21],
bf16_fp32_conversion_inst/bf16_to_fp32_inst/result_reg[22],
bf16_fp32_conversion_inst/bf16_to_fp32_inst/result_reg[23],
bf16_fp32_conversion_inst/bf16_to_fp32_inst/result_reg[24],
bf16_fp32_conversion_inst/bf16_to_fp32_inst/result_reg[25],
bf16_fp32_conversion_inst/bf16_to_fp32_inst/result_reg[26],
bf16_fp32_conversion_inst/bf16_to_fp32_inst/result_reg[27],
bf16_fp32_conversion_inst/bf16_to_fp32_inst/result_reg[28],
bf16_fp32_conversion_inst/bf16_to_fp32_inst/result_reg[29]
 (the first 15 of 17 listed)
Related violations: <none>

PLHOLDVIO-2#2 Warning
Non-Optimal connections which could lead to hold violations  
A LUT bf16_fp32_conversion_inst/fp32_to_bf16_inst/fpcsr[0]_i_2 is driving clock pin of 18 cells. This could lead to large hold time violations. Involved cells are:
bf16_fp32_conversion_inst/fp32_to_bf16_inst/fpcsr_reg[0],
bf16_fp32_conversion_inst/fp32_to_bf16_inst/fpcsr_reg[3],
bf16_fp32_conversion_inst/fp32_to_bf16_inst/result_reg[0],
bf16_fp32_conversion_inst/fp32_to_bf16_inst/result_reg[10],
bf16_fp32_conversion_inst/fp32_to_bf16_inst/result_reg[11],
bf16_fp32_conversion_inst/fp32_to_bf16_inst/result_reg[12],
bf16_fp32_conversion_inst/fp32_to_bf16_inst/result_reg[13],
bf16_fp32_conversion_inst/fp32_to_bf16_inst/result_reg[14],
bf16_fp32_conversion_inst/fp32_to_bf16_inst/result_reg[15],
bf16_fp32_conversion_inst/fp32_to_bf16_inst/result_reg[1],
bf16_fp32_conversion_inst/fp32_to_bf16_inst/result_reg[2],
bf16_fp32_conversion_inst/fp32_to_bf16_inst/result_reg[3],
bf16_fp32_conversion_inst/fp32_to_bf16_inst/result_reg[4],
bf16_fp32_conversion_inst/fp32_to_bf16_inst/result_reg[5],
bf16_fp32_conversion_inst/fp32_to_bf16_inst/result_reg[6]
 (the first 15 of 18 listed)
Related violations: <none>

PLHOLDVIO-2#3 Warning
Non-Optimal connections which could lead to hold violations  
A LUT maxmin_module/result[15]_i_2 is driving clock pin of 17 cells. This could lead to large hold time violations. Involved cells are:
maxmin_module/fpcsr_reg[3], maxmin_module/result_reg[0],
maxmin_module/result_reg[10], maxmin_module/result_reg[11],
maxmin_module/result_reg[12], maxmin_module/result_reg[13],
maxmin_module/result_reg[14], maxmin_module/result_reg[15],
maxmin_module/result_reg[1], maxmin_module/result_reg[2],
maxmin_module/result_reg[3], maxmin_module/result_reg[4],
maxmin_module/result_reg[5], maxmin_module/result_reg[6],
maxmin_module/result_reg[7] (the first 15 of 17 listed)
Related violations: <none>


